<?xml version="1.0" encoding="utf-8"?><testsuites><testsuite errors="0" failures="0" hostname="CHN-LAP-MUNIYAP" name="pytest" skipped="0" tests="10" time="343.958" timestamp="2021-04-19T14:58:48.695720"><testcase classname="tests.login_test" file="tests\login_test.py" line="10" name="test_is_url_reachable" time="21.243"></testcase><testcase classname="tests.login_test" file="tests\login_test.py" line="14" name="test_login" time="44.070"></testcase><testcase classname="tests.login_test" file="tests\login_test.py" line="19" name="test_login_with_wrong_user_name" time="21.835"></testcase><testcase classname="tests.login_test" file="tests\login_test.py" line="25" name="test_login_with_wrong_password" time="21.555"></testcase><testcase classname="tests.login_test" file="tests\login_test.py" line="31" name="test_login_with_empty_inputs" time="17.165"></testcase><testcase classname="tests.test_dashboard" file="tests\test_dashboard.py" line="11" name="test_user_navigation" time="43.787"></testcase><testcase classname="tests.test_dashboard" file="tests\test_dashboard.py" line="17" name="test_user_dropdown" time="44.736"></testcase><testcase classname="tests.test_dashboard" file="tests\test_dashboard.py" line="23" name="test_job_navigation" time="45.177"></testcase><testcase classname="tests.test_dashboard" file="tests\test_dashboard.py" line="29" name="test_job_dropdown" time="39.617"></testcase><testcase classname="tests.test_users" file="tests\test_users.py" line="11" name="test_search_add" time="44.247"></testcase></testsuite></testsuites>